*** Starting uWSGI 2.0.15 (64bit) on [Tue Aug 15 01:57:15 2017] ***
compiled with version: 5.4.0 20160609 on 18 July 2017 22:35:56
os: Linux-4.4.0-82-generic #105-Ubuntu SMP Tue Jun 20 15:23:02 UTC 2017
nodename: iZuf61hiv3rsyqmp7zhlepZ
machine: x86_64
clock source: unix
detected number of CPU cores: 1
current working directory: /root/OrderManagementSystem
writing pidfile to uwsgi.pid
detected binary path: /root/.virtualenvs/Py3Django/bin/uwsgi
!!! no internal routing support, rebuild with pcre support !!!
uWSGI running as root, you can use --uid/--gid/--chroot options
*** WARNING: you are running uWSGI as root !!! (use the --uid flag) *** 
chdir() to /root/OrderManagementSystem/
your processes number limit is 3825
your memory page size is 4096 bytes
detected max file descriptor number: 65535
lock engine: pthread robust mutexes
thunder lock: disabled (you can enable it with --thunder-lock)
probably another instance of uWSGI is running on the same address (127.0.0.1:8000).
bind(): Address already in use [core/socket.c line 769]
*** Starting uWSGI 2.0.15 (64bit) on [Tue Aug 15 01:57:30 2017] ***
compiled with version: 5.4.0 20160609 on 18 July 2017 22:35:56
os: Linux-4.4.0-82-generic #105-Ubuntu SMP Tue Jun 20 15:23:02 UTC 2017
nodename: iZuf61hiv3rsyqmp7zhlepZ
machine: x86_64
clock source: unix
detected number of CPU cores: 1
current working directory: /root/OrderManagementSystem
writing pidfile to uwsgi.pid
detected binary path: /root/.virtualenvs/Py3Django/bin/uwsgi
!!! no internal routing support, rebuild with pcre support !!!
uWSGI running as root, you can use --uid/--gid/--chroot options
*** WARNING: you are running uWSGI as root !!! (use the --uid flag) *** 
chdir() to /root/OrderManagementSystem/
your processes number limit is 3825
your memory page size is 4096 bytes
detected max file descriptor number: 65535
lock engine: pthread robust mutexes
thunder lock: disabled (you can enable it with --thunder-lock)
probably another instance of uWSGI is running on the same address (127.0.0.1:8000).
bind(): Address already in use [core/socket.c line 769]
